DEBUG:root:Scanning for bluetooth devices
DEBUG:root:Scanning for wlan devices
DEBUG:root:Found wlan device 00:24:FE:CF:65:70  phrack
DEBUG:root:Found wlan device 00:1A:4F:8C:C8:F7  glatthaar
DEBUG:root:Found wlan device 00:15:0C:CC:44:04  WLAN-00150CCC4404
DEBUG:root:Got event WLAN_TARGET_FOUND
DEBUG:root:Scanning for bluetooth devices
DEBUG:root:Scanning for wlan devices
DEBUG:root:Found wlan device 00:24:FE:CF:65:70  phrack
DEBUG:root:Found wlan device 00:1A:4F:8C:C8:F7  glatthaar
DEBUG:root:Found wlan device 00:15:0C:CC:44:04  WLAN-00150CCC4404
DEBUG:root:Got event WLAN_TARGET_FOUND
DEBUG:root:Scanning for bluetooth devices
DEBUG:root:Scanning for wlan devices
DEBUG:root:Found wlan device 00:24:FE:CF:65:70  phrack
DEBUG:root:Found wlan device 00:1A:4F:8C:C8:F7  glatthaar
DEBUG:root:Found wlan device 00:15:0C:CC:44:04  WLAN-00150CCC4404
DEBUG:root:Got event WLAN_TARGET_FOUND
DEBUG:root:Scanning for bluetooth devices
DEBUG:root:Scanning for wlan devices
DEBUG:root:Found wlan device 00:24:FE:CF:65:70  phrack
DEBUG:root:Found wlan device 00:1A:4F:8C:C8:F7  glatthaar
DEBUG:root:Found wlan device 00:15:0C:CC:44:04  WLAN-00150CCC4404
DEBUG:root:Got event WLAN_TARGET_FOUND
DEBUG:root:Scanning for bluetooth devices
DEBUG:root:Scanning for wlan devices
DEBUG:root:Found wlan device 00:24:FE:CF:65:70  phrack
DEBUG:root:Found wlan device 00:1A:4F:8C:C8:F7  glatthaar
DEBUG:root:Found wlan device 00:15:0C:CC:44:04  WLAN-00150CCC4404
DEBUG:root:Got event WLAN_TARGET_FOUND
DEBUG:root:Scanning for bluetooth devices
DEBUG:root:Scanning for wlan devices
DEBUG:root:Found wlan device 00:24:FE:CF:65:70  phrack
DEBUG:root:Found wlan device 00:1A:4F:8C:C8:F7  glatthaar
DEBUG:root:Found wlan device 00:15:0C:CC:44:04  WLAN-00150CCC4404
DEBUG:root:Got event WLAN_TARGET_FOUND
DEBUG:root:Scanning for bluetooth devices
DEBUG:root:Scanning for wlan devices
DEBUG:root:Found wlan device 00:24:FE:CF:65:70  phrack
DEBUG:root:Found wlan device 00:1A:4F:8C:C8:F7  glatthaar
DEBUG:root:Found wlan device 00:15:0C:CC:44:04  WLAN-00150CCC4404
DEBUG:root:Got event WLAN_TARGET_FOUND
DEBUG:root:Scanning for bluetooth devices
DEBUG:root:Scanning for bluetooth devices
DEBUG:root:Scanning for wlan devices
DEBUG:root:Found wlan device 00:24:FE:CF:65:70  phrack
DEBUG:root:Found wlan device 00:1A:4F:8C:C8:F7  glatthaar
DEBUG:root:Found wlan device 00:15:0C:CC:44:04  WLAN-00150CCC4404
DEBUG:root:Got event WLAN_TARGET_FOUND
DEBUG:root:Scanning for bluetooth devices
DEBUG:root:Scanning for bluetooth devices
DEBUG:root:Scanning for wlan devices
DEBUG:root:Found wlan device 00:24:FE:CF:65:70  phrack
DEBUG:root:Found wlan device 00:1A:4F:8C:C8:F7  glatthaar
DEBUG:root:Found wlan device 00:15:0C:CC:44:04  WLAN-00150CCC4404
DEBUG:root:Got event WLAN_TARGET_FOUND
DEBUG:root:Scanning for bluetooth devices
DEBUG:root:Scanning for wlan devices
DEBUG:root:Found wlan device 00:24:FE:CF:65:70  phrack
DEBUG:root:Found wlan device 00:1A:4F:8C:C8:F7  glatthaar
DEBUG:root:Found wlan device 00:15:0C:CC:44:04  WLAN-00150CCC4404
DEBUG:root:Got event WLAN_TARGET_FOUND
DEBUG:root:Scanning for bluetooth devices
DEBUG:root:Scanning for wlan devices
DEBUG:root:Found wlan device 00:24:FE:CF:65:70  phrack
DEBUG:root:Found wlan device 00:1A:4F:8C:C8:F7  glatthaar
DEBUG:root:Found wlan device 00:15:0C:CC:44:04  WLAN-00150CCC4404
DEBUG:root:Found wlan device 00:04:0E:69:9C:85  WLAND1
DEBUG:root:Got event WLAN_TARGET_FOUND
DEBUG:root:Scanning for bluetooth devices
DEBUG:root:Scanning for wlan devices
DEBUG:root:Found wlan device 00:24:FE:CF:65:70  phrack
DEBUG:root:Found wlan device 00:1A:4F:8C:C8:F7  glatthaar
DEBUG:root:Found wlan device 00:15:0C:CC:44:04  WLAN-00150CCC4404
DEBUG:root:Found wlan device 00:04:0E:69:9C:85  WLAND1
DEBUG:root:Got event WLAN_TARGET_FOUND
DEBUG:root:Scanning for bluetooth devices
DEBUG:root:Scanning for wlan devices
DEBUG:root:Found wlan device 00:24:FE:CF:65:70  phrack
DEBUG:root:Found wlan device 00:1A:4F:8C:C8:F7  glatthaar
DEBUG:root:Found wlan device 00:15:0C:CC:44:04  WLAN-00150CCC4404
DEBUG:root:Got event WLAN_TARGET_FOUND
DEBUG:root:Scanning for bluetooth devices
DEBUG:root:Scanning for wlan devices
DEBUG:root:Found wlan device 00:24:FE:CF:65:70  phrack
DEBUG:root:Found wlan device 00:1A:4F:8C:C8:F7  glatthaar
DEBUG:root:Found wlan device 00:15:0C:CC:44:04  WLAN-00150CCC4404
DEBUG:root:Scanning for bluetooth devices
DEBUG:root:Scanning for wlan devices
DEBUG:root:Found wlan device 00:24:FE:CF:65:70  phrack
DEBUG:root:Found wlan device 00:1A:4F:8C:C8:F7  glatthaar
DEBUG:root:Found wlan device 00:15:0C:CC:44:04  WLAN-00150CCC4404
DEBUG:root:Scanning for bluetooth devices
DEBUG:root:Scanning for wlan devices
DEBUG:root:Found wlan device 00:24:FE:CF:65:70  phrack
DEBUG:root:Found wlan device 00:1A:4F:8C:C8:F7  glatthaar
DEBUG:root:Found wlan device 00:15:0C:CC:44:04  WLAN-00150CCC4404
DEBUG:root:Scanning for bluetooth devices
DEBUG:root:Scanning for bluetooth devices
DEBUG:root:Scanning for wlan devices
DEBUG:root:Found wlan device 00:24:FE:CF:65:70  phrack
DEBUG:root:Found wlan device 00:1A:4F:8C:C8:F7  glatthaar
DEBUG:root:Found wlan device 00:15:0C:CC:44:04  WLAN-00150CCC4404
DEBUG:root:Scanning for bluetooth devices
DEBUG:root:Scanning for wlan devices
DEBUG:root:Found wlan device 00:24:FE:CF:65:70  phrack
DEBUG:root:Found wlan device 00:15:0C:CC:44:04  WLAN-00150CCC4404
DEBUG:root:Got event WLAN_TARGET_FOUND
DEBUG:root:Scanning for bluetooth devices
DEBUG:root:Scanning for bluetooth devices
DEBUG:root:Scanning for wlan devices
DEBUG:root:Found wlan device 00:24:FE:CF:65:70  phrack
DEBUG:root:Found wlan device 00:15:0C:CC:44:04  WLAN-00150CCC4404
DEBUG:root:Found wlan device 00:1A:4F:8C:C8:F7  glatthaar
DEBUG:root:Got event WLAN_TARGET_FOUND
DEBUG:root:Scanning for bluetooth devices
DEBUG:root:Scanning for wlan devices
DEBUG:root:Found wlan device 00:24:FE:CF:65:70  phrack
DEBUG:root:Found wlan device 00:15:0C:CC:44:04  WLAN-00150CCC4404
DEBUG:root:Found wlan device 00:1A:4F:8C:C8:F7  glatthaar
DEBUG:root:Scanning for bluetooth devices
DEBUG:root:Scanning for bluetooth devices
DEBUG:root:Scanning for wlan devices
DEBUG:root:Found wlan device 00:24:FE:CF:65:70  phrack
DEBUG:root:Found wlan device 00:15:0C:CC:44:04  WLAN-00150CCC4404
DEBUG:root:Found wlan device 00:1A:4F:8C:C8:F7  glatthaar
DEBUG:root:Got event WLAN_TARGET_FOUND
DEBUG:root:Scanning for bluetooth devices
DEBUG:root:Scanning for wlan devices
DEBUG:root:Found wlan device 00:24:FE:CF:65:70  phrack
DEBUG:root:Found wlan device 00:15:0C:CC:44:04  WLAN-00150CCC4404
DEBUG:root:Found wlan device 00:1A:4F:8C:C8:F7  glatthaar
DEBUG:root:Scanning for bluetooth devices
DEBUG:root:Scanning for wlan devices
DEBUG:root:Found wlan device 00:24:FE:CF:65:70  phrack
DEBUG:root:Found wlan device 00:15:0C:CC:44:04  WLAN-00150CCC4404
DEBUG:root:Found wlan device 00:1A:4F:8C:C8:F7  glatthaar
DEBUG:root:Got event WLAN_TARGET_FOUND
DEBUG:root:Scanning for bluetooth devices
DEBUG:root:Scanning for wlan devices
DEBUG:root:Scanning for bluetooth devices
DEBUG:root:Scanning for bluetooth devices
DEBUG:root:Scanning for wlan devices
DEBUG:root:Found wlan device 00:24:FE:CF:65:70  phrack
DEBUG:root:Found wlan device 00:15:0C:CC:44:04  WLAN-00150CCC4404
DEBUG:root:Found wlan device 00:1A:4F:8C:C8:F7  glatthaar
DEBUG:root:Found wlan device 00:04:0E:69:9C:85  WLAND1
DEBUG:root:Got event WLAN_TARGET_FOUND
DEBUG:root:Scanning for bluetooth devices
DEBUG:root:Scanning for wlan devices
DEBUG:root:Found wlan device 00:24:FE:CF:65:70  phrack
DEBUG:root:Found wlan device 00:15:0C:CC:44:04  WLAN-00150CCC4404
DEBUG:root:Found wlan device 00:1A:4F:8C:C8:F7  glatthaar
DEBUG:root:Got event WLAN_TARGET_FOUND
DEBUG:root:Scanning for bluetooth devices
DEBUG:root:Scanning for bluetooth devices
DEBUG:root:Scanning for bluetooth devices
DEBUG:root:Scanning for wlan devices
DEBUG:root:Found wlan device 00:24:FE:CF:65:70  phrack
DEBUG:root:Found wlan device 00:15:0C:CC:44:04  WLAN-00150CCC4404
DEBUG:root:Found wlan device 00:1A:4F:8C:C8:F7  glatthaar
DEBUG:root:Got event WLAN_TARGET_FOUND
DEBUG:root:Scanning for bluetooth devices
DEBUG:root:Scanning for wlan devices
DEBUG:root:Found wlan device 00:24:FE:CF:65:70  phrack
DEBUG:root:Found wlan device 00:15:0C:CC:44:04  WLAN-00150CCC4404
DEBUG:root:Found wlan device 00:1A:4F:8C:C8:F7  glatthaar
DEBUG:root:Got event WLAN_TARGET_FOUND
DEBUG:root:Scanning for bluetooth devices
DEBUG:root:Scanning for wlan devices
DEBUG:root:Found wlan device 00:24:FE:CF:65:70  phrack
DEBUG:root:Found wlan device 00:15:0C:CC:44:04  WLAN-00150CCC4404
DEBUG:root:Found wlan device 00:1A:4F:8C:C8:F7  glatthaar
DEBUG:root:Got event WLAN_TARGET_FOUND
DEBUG:root:Scanning for bluetooth devices
DEBUG:root:Scanning for wlan devices
DEBUG:root:Found wlan device 00:24:FE:CF:65:70  phrack
DEBUG:root:Found wlan device 00:15:0C:CC:44:04  WLAN-00150CCC4404
DEBUG:root:Found wlan device 00:1A:4F:8C:C8:F7  glatthaar
DEBUG:root:Got event WLAN_TARGET_FOUND
DEBUG:root:Scanning for bluetooth devices
DEBUG:root:Scanning for wlan devices
DEBUG:root:Found wlan device 00:24:FE:CF:65:70  phrack
DEBUG:root:Found wlan device 00:15:0C:CC:44:04  WLAN-00150CCC4404
DEBUG:root:Found wlan device 00:1A:4F:8C:C8:F7  glatthaar
DEBUG:root:Found wlan device 00:04:0E:69:9C:85  WLAND1
DEBUG:root:Got event WLAN_TARGET_FOUND
DEBUG:root:Scanning for bluetooth devices
DEBUG:root:Scanning for wlan devices
DEBUG:root:Found wlan device 00:24:FE:CF:65:70  phrack
DEBUG:root:Found wlan device 00:15:0C:CC:44:04  WLAN-00150CCC4404
DEBUG:root:Found wlan device 00:1A:4F:8C:C8:F7  glatthaar
DEBUG:root:Scanning for bluetooth devices
DEBUG:root:Scanning for wlan devices
DEBUG:root:Found wlan device 00:24:FE:CF:65:70  phrack
DEBUG:root:Found wlan device 00:15:0C:CC:44:04  WLAN-00150CCC4404
DEBUG:root:Found wlan device 00:1A:4F:8C:C8:F7  glatthaar
DEBUG:root:Scanning for bluetooth devices
DEBUG:root:Scanning for wlan devices
DEBUG:root:Found wlan device 00:24:FE:CF:65:70  phrack
DEBUG:root:Found wlan device 00:15:0C:CC:44:04  WLAN-00150CCC4404
DEBUG:root:Found wlan device 00:1A:4F:8C:C8:F7  glatthaar
DEBUG:root:Scanning for bluetooth devices
DEBUG:root:Found bluetooth device 00:24:EF:DA:54:C1 Chaot
DEBUG:root:Scanning for wlan devices
DEBUG:root:Found wlan device 00:24:FE:CF:65:70  phrack
DEBUG:root:Found wlan device 00:15:0C:CC:44:04  WLAN-00150CCC4404
DEBUG:root:Found wlan device 00:1A:4F:8C:C8:F7  glatthaar
DEBUG:root:Scanning for bluetooth devices
DEBUG:root:Found bluetooth device 00:24:EF:DA:54:C1 Chaot
DEBUG:root:Scanning for wlan devices
DEBUG:root:Found wlan device 00:24:FE:CF:65:70  phrack
DEBUG:root:Found wlan device 00:15:0C:CC:44:04  WLAN-00150CCC4404
DEBUG:root:Found wlan device 00:1A:4F:8C:C8:F7  glatthaar
DEBUG:root:Scanning for bluetooth devices
DEBUG:root:Found bluetooth device 00:24:EF:DA:54:C1 Chaot
DEBUG:root:Scanning for wlan devices
DEBUG:root:Found wlan device 00:24:FE:CF:65:70  phrack
DEBUG:root:Found wlan device 00:15:0C:CC:44:04  WLAN-00150CCC4404
DEBUG:root:Found wlan device 00:1A:4F:8C:C8:F7  glatthaar
DEBUG:root:Found wlan device 00:04:0E:69:9C:85  WLAND1
DEBUG:root:Scanning for bluetooth devices
DEBUG:root:Found bluetooth device 00:24:EF:DA:54:C1 Chaot
DEBUG:root:Scanning for wlan devices
DEBUG:root:Found wlan device 00:24:FE:CF:65:70  phrack
DEBUG:root:Found wlan device 00:15:0C:CC:44:04  WLAN-00150CCC4404
DEBUG:root:Found wlan device 00:1A:4F:8C:C8:F7  glatthaar
DEBUG:root:Found wlan device 00:04:0E:69:9C:85  WLAND1
DEBUG:root:Scanning for bluetooth devices
DEBUG:root:Found bluetooth device 00:24:EF:DA:54:C1 Chaot
DEBUG:root:Scanning for wlan devices
DEBUG:root:Found wlan device 00:24:FE:CF:65:70  phrack
DEBUG:root:Found wlan device 00:15:0C:CC:44:04  WLAN-00150CCC4404
DEBUG:root:Found wlan device 00:1A:4F:8C:C8:F7  glatthaar
DEBUG:root:Scanning for bluetooth devices
DEBUG:root:Found bluetooth device 00:24:EF:DA:54:C1 Chaot
DEBUG:root:Scanning for wlan devices
DEBUG:root:Found wlan device 00:24:FE:CF:65:70  phrack
DEBUG:root:Found wlan device 00:15:0C:CC:44:04  WLAN-00150CCC4404
DEBUG:root:Found wlan device 00:1A:4F:8C:C8:F7  glatthaar
DEBUG:root:Found wlan device 00:04:0E:69:9C:85  WLAND1
DEBUG:root:Found wlan device 00:24:FE:40:FA:8D  FRITZ!Box Fon WLAN 7170
DEBUG:root:Got event WLAN_TARGET_FOUND
DEBUG:root:Scanning for bluetooth devices
DEBUG:root:Found bluetooth device 00:24:EF:DA:54:C1 Chaot
DEBUG:root:Got event BLUETOOTH_TARGET_FOUND
DEBUG:root:Scanning for wlan devices
DEBUG:root:Found wlan device 00:24:FE:CF:65:70  phrack
DEBUG:root:Found wlan device 00:15:0C:CC:44:04  WLAN-00150CCC4404
DEBUG:root:Found wlan device 00:1A:4F:8C:C8:F7  glatthaar
DEBUG:root:Found wlan device 00:04:0E:69:9C:85  WLAND1
DEBUG:root:Got event WLAN_TARGET_FOUND
DEBUG:root:Scanning for bluetooth devices
DEBUG:root:Found bluetooth device 00:24:EF:DA:54:C1 Chaot
DEBUG:root:Scanning for wlan devices
DEBUG:root:Found wlan device 00:24:FE:CF:65:70  phrack
DEBUG:root:Found wlan device 00:15:0C:CC:44:04  WLAN-00150CCC4404
DEBUG:root:Found wlan device 00:1A:4F:8C:C8:F7  glatthaar
DEBUG:root:Scanning for bluetooth devices
DEBUG:root:Scanning for bluetooth devices
DEBUG:root:Found bluetooth device 00:24:EF:DA:54:C1 Chaot
DEBUG:root:Got event BLUETOOTH_TARGET_FOUND
DEBUG:root:Scanning for wlan devices
DEBUG:root:Found wlan device 00:24:FE:CF:65:70  phrack
DEBUG:root:Found wlan device 00:15:0C:CC:44:04  WLAN-00150CCC4404
DEBUG:root:Found wlan device 00:1A:4F:8C:C8:F7  glatthaar
DEBUG:root:Found wlan device 00:04:0E:69:9C:85  WLAND1
DEBUG:root:Got event WLAN_TARGET_FOUND
DEBUG:root:Scanning for bluetooth devices
DEBUG:root:Found bluetooth device 00:24:EF:DA:54:C1 Chaot
DEBUG:root:Scanning for wlan devices
DEBUG:root:Found wlan device 00:24:FE:CF:65:70  phrack
DEBUG:root:Found wlan device 00:15:0C:CC:44:04  WLAN-00150CCC4404
DEBUG:root:Found wlan device 00:1A:4F:8C:C8:F7  glatthaar
DEBUG:root:Scanning for bluetooth devices
DEBUG:root:Found bluetooth device 00:24:EF:DA:54:C1 Chaot
DEBUG:root:Scanning for wlan devices
DEBUG:root:Found wlan device 00:24:FE:CF:65:70  phrack
DEBUG:root:Found wlan device 00:15:0C:CC:44:04  WLAN-00150CCC4404
DEBUG:root:Found wlan device 00:1A:4F:8C:C8:F7  glatthaar
DEBUG:root:Scanning for bluetooth devices
DEBUG:root:Found bluetooth device 00:24:EF:DA:54:C1 Chaot
DEBUG:root:Scanning for wlan devices
DEBUG:root:Found wlan device 00:24:FE:CF:65:70  phrack
DEBUG:root:Found wlan device 00:15:0C:CC:44:04  WLAN-00150CCC4404
DEBUG:root:Found wlan device 00:1A:4F:8C:C8:F7  glatthaar
DEBUG:root:Found wlan device 00:24:FE:40:FA:8D  FRITZ!Box Fon WLAN 7170
DEBUG:root:Got event WLAN_TARGET_FOUND
DEBUG:root:Scanning for bluetooth devices
DEBUG:root:Found bluetooth device 00:24:EF:DA:54:C1 Chaot
DEBUG:root:Scanning for wlan devices
DEBUG:root:Found wlan device 00:24:FE:CF:65:70  phrack
DEBUG:root:Found wlan device 00:15:0C:CC:44:04  WLAN-00150CCC4404
DEBUG:root:Found wlan device 00:1A:4F:8C:C8:F7  glatthaar
DEBUG:root:Found wlan device 00:04:0E:69:9C:85  WLAND1
DEBUG:root:Scanning for bluetooth devices
DEBUG:root:Found bluetooth device 00:24:EF:DA:54:C1 Chaot
DEBUG:root:Scanning for wlan devices
DEBUG:root:Found wlan device 00:24:FE:CF:65:70  phrack
DEBUG:root:Found wlan device 00:15:0C:CC:44:04  WLAN-00150CCC4404
DEBUG:root:Found wlan device 00:1A:4F:8C:C8:F7  glatthaar
DEBUG:root:Scanning for bluetooth devices
DEBUG:root:Scanning for bluetooth devices
DEBUG:root:Scanning for wlan devices
DEBUG:root:Found wlan device 00:24:FE:CF:65:70  phrack
DEBUG:root:Found wlan device 00:15:0C:CC:44:04  WLAN-00150CCC4404
DEBUG:root:Found wlan device 00:1A:4F:8C:C8:F7  glatthaar
DEBUG:root:Got event WLAN_TARGET_FOUND
DEBUG:root:Scanning for bluetooth devices
DEBUG:root:Found bluetooth device 00:24:EF:DA:54:C1 Chaot
DEBUG:root:Got event BLUETOOTH_TARGET_FOUND
DEBUG:root:Scanning for wlan devices
DEBUG:root:Found wlan device 00:24:FE:CF:65:70  phrack
DEBUG:root:Found wlan device 00:15:0C:CC:44:04  WLAN-00150CCC4404
DEBUG:root:Found wlan device 00:1A:4F:8C:C8:F7  glatthaar
DEBUG:root:Found wlan device 00:04:0E:69:9C:85  WLAND1
DEBUG:root:Got event WLAN_TARGET_FOUND
DEBUG:root:Scanning for bluetooth devices
DEBUG:root:Found bluetooth device 00:24:EF:DA:54:C1 Chaot
DEBUG:root:Scanning for wlan devices
DEBUG:root:Found wlan device 00:24:FE:CF:65:70  phrack
DEBUG:root:Found wlan device 00:15:0C:CC:44:04  WLAN-00150CCC4404
DEBUG:root:Found wlan device 00:1A:4F:8C:C8:F7  glatthaar
DEBUG:root:Found wlan device 00:04:0E:69:9C:85  WLAND1
DEBUG:root:Scanning for bluetooth devices
DEBUG:root:Found bluetooth device 00:24:EF:DA:54:C1 Chaot
DEBUG:root:Scanning for wlan devices
DEBUG:root:Found wlan device 00:24:FE:CF:65:70  phrack
DEBUG:root:Found wlan device 00:15:0C:CC:44:04  WLAN-00150CCC4404
DEBUG:root:Found wlan device 00:1A:4F:8C:C8:F7  glatthaar
DEBUG:root:Scanning for bluetooth devices
DEBUG:root:Scanning for bluetooth devices
DEBUG:root:Found bluetooth device 00:24:EF:DA:54:C1 Chaot
DEBUG:root:Got event BLUETOOTH_TARGET_FOUND
DEBUG:root:Scanning for wlan devices
DEBUG:root:Found wlan device 00:24:FE:CF:65:70  phrack
DEBUG:root:Found wlan device 00:15:0C:CC:44:04  WLAN-00150CCC4404
DEBUG:root:Found wlan device 00:1A:4F:8C:C8:F7  glatthaar
DEBUG:root:Found wlan device 00:24:FE:40:FA:8D  FRITZ!Box Fon WLAN 7170
DEBUG:root:Got event WLAN_TARGET_FOUND
DEBUG:root:Scanning for bluetooth devices
DEBUG:root:Found bluetooth device 00:24:EF:DA:54:C1 Chaot
DEBUG:root:Scanning for wlan devices
DEBUG:root:Found wlan device 00:24:FE:CF:65:70  phrack
DEBUG:root:Found wlan device 00:15:0C:CC:44:04  WLAN-00150CCC4404
DEBUG:root:Found wlan device 00:1A:4F:8C:C8:F7  glatthaar
DEBUG:root:Found wlan device 00:04:0E:69:9C:85  WLAND1
DEBUG:root:Got event WLAN_TARGET_FOUND
DEBUG:root:Scanning for bluetooth devices
DEBUG:root:Found bluetooth device 00:24:EF:DA:54:C1 Chaot
DEBUG:root:Scanning for wlan devices
DEBUG:root:Found wlan device 00:24:FE:CF:65:70  phrack
DEBUG:root:Found wlan device 00:15:0C:CC:44:04  WLAN-00150CCC4404
DEBUG:root:Found wlan device 00:1A:4F:8C:C8:F7  glatthaar
DEBUG:root:Found wlan device 00:04:0E:69:9C:85  WLAND1
DEBUG:root:Scanning for bluetooth devices
DEBUG:root:Found bluetooth device 00:24:EF:DA:54:C1 Chaot
DEBUG:root:Scanning for wlan devices
DEBUG:root:Found wlan device 00:24:FE:CF:65:70  phrack
DEBUG:root:Found wlan device 00:15:0C:CC:44:04  WLAN-00150CCC4404
DEBUG:root:Found wlan device 00:1A:4F:8C:C8:F7  glatthaar
DEBUG:root:Found wlan device 00:04:0E:69:9C:85  WLAND1
DEBUG:root:Scanning for bluetooth devices
DEBUG:root:Found bluetooth device 00:24:EF:DA:54:C1 Chaot
DEBUG:root:Scanning for wlan devices
DEBUG:root:Found wlan device 00:24:FE:CF:65:70  phrack
DEBUG:root:Found wlan device 00:15:0C:CC:44:04  WLAN-00150CCC4404
DEBUG:root:Found wlan device 00:1A:4F:8C:C8:F7  glatthaar
DEBUG:root:Found wlan device 00:04:0E:69:9C:85  WLAND1
DEBUG:root:Scanning for bluetooth devices
DEBUG:root:Scanning for wlan devices
DEBUG:root:Found wlan device 00:24:FE:CF:65:70  phrack
DEBUG:root:Found wlan device 00:15:0C:CC:44:04  WLAN-00150CCC4404
DEBUG:root:Found wlan device 00:1A:4F:8C:C8:F7  glatthaar
DEBUG:root:Got event WLAN_TARGET_FOUND
DEBUG:root:Scanning for bluetooth devices
DEBUG:root:Found bluetooth device 00:24:EF:DA:54:C1 Chaot
DEBUG:root:Got event BLUETOOTH_TARGET_FOUND
DEBUG:root:Scanning for wlan devices
DEBUG:root:Found wlan device 00:24:FE:CF:65:70  phrack
DEBUG:root:Found wlan device 00:15:0C:CC:44:04  WLAN-00150CCC4404
DEBUG:root:Found wlan device 00:1A:4F:8C:C8:F7  glatthaar
DEBUG:root:Found wlan device 00:04:0E:69:9C:85  WLAND1
DEBUG:root:Got event WLAN_TARGET_FOUND
DEBUG:root:Scanning for bluetooth devices
DEBUG:root:Scanning for wlan devices
DEBUG:root:Found wlan device 00:24:FE:CF:65:70  phrack
DEBUG:root:Found wlan device 00:15:0C:CC:44:04  WLAN-00150CCC4404
DEBUG:root:Found wlan device 00:1A:4F:8C:C8:F7  glatthaar
DEBUG:root:Scanning for bluetooth devices
DEBUG:root:Scanning for wlan devices
DEBUG:root:Found wlan device 00:24:FE:CF:65:70  phrack
DEBUG:root:Found wlan device 00:15:0C:CC:44:04  WLAN-00150CCC4404
DEBUG:root:Found wlan device 00:1A:4F:8C:C8:F7  glatthaar
DEBUG:root:Scanning for bluetooth devices
